-------------------------------------------------------------------------------
Test set: praktikum.OrderGetInfoTest
-------------------------------------------------------------------------------
Tests run: 3, Failures: 0, Errors: 1, Skipped: 0, Time elapsed: 3.273 s <<< FAILURE! - in praktikum.OrderGetInfoTest
orderUserInfoCanBeGetAuthUser(praktikum.OrderGetInfoTest)  Time elapsed: 1.538 s  <<< ERROR!
java.lang.ClassCastException: class io.restassured.path.xml.XmlPath cannot be cast to class java.lang.String (io.restassured.path.xml.XmlPath is in unnamed module of loader 'app'; java.lang.String is in module java.base of loader 'bootstrap')
	at praktikum.OrderGetInfoTest.orderUserInfoCanBeGetAuthUser(OrderGetInfoTest.java:60)

