-------------------------------------------------------------------------------
Test set: praktikum.UserLoginWithoutRequiredFieldTest
-------------------------------------------------------------------------------
Tests run: 4, Failures: 0, Errors: 2, Skipped: 0, Time elapsed: 3.155 s <<< FAILURE! - in praktikum.UserLoginWithoutRequiredFieldTest
courierLoginWithoutNecessaryField[1](praktikum.UserLoginWithoutRequiredFieldTest)  Time elapsed: 0.726 s  <<< ERROR!
java.lang.ClassCastException: class io.restassured.path.xml.XmlPath cannot be cast to class java.lang.String (io.restassured.path.xml.XmlPath is in unnamed module of loader 'app'; java.lang.String is in module java.base of loader 'bootstrap')
	at praktikum.UserLoginWithoutRequiredFieldTest.courierLoginWithoutNecessaryField(UserLoginWithoutRequiredFieldTest.java:50)

courierLoginWithoutNecessaryField[3](praktikum.UserLoginWithoutRequiredFieldTest)  Time elapsed: 0.599 s  <<< ERROR!
java.lang.ClassCastException: class io.restassured.path.xml.XmlPath cannot be cast to class java.lang.String (io.restassured.path.xml.XmlPath is in unnamed module of loader 'app'; java.lang.String is in module java.base of loader 'bootstrap')
	at praktikum.UserLoginWithoutRequiredFieldTest.courierLoginWithoutNecessaryField(UserLoginWithoutRequiredFieldTest.java:50)

