-------------------------------------------------------------------------------
Test set: praktikum.OrderCreateTest
-------------------------------------------------------------------------------
Tests run: 4, Failures: 0, Errors: 1, Skipped: 0, Time elapsed: 5.895 s <<< FAILURE! - in praktikum.OrderCreateTest
orderCantBeCreatedWithIncorrectIngredients(praktikum.OrderCreateTest)  Time elapsed: 1.429 s  <<< ERROR!
java.lang.ClassCastException: class io.restassured.path.xml.XmlPath cannot be cast to class java.lang.Boolean (io.restassured.path.xml.XmlPath is in unnamed module of loader 'app'; java.lang.Boolean is in module java.base of loader 'bootstrap')
	at praktikum.OrderCreateTest.orderCantBeCreatedWithIncorrectIngredients(OrderCreateTest.java:113)

