-------------------------------------------------------------------------------
Test set: praktikum.UserCreateWithoutRequiredFieldTest
-------------------------------------------------------------------------------
Tests run: 6, Failures: 0, Errors: 1, Skipped: 0, Time elapsed: 2.416 s <<< FAILURE! - in praktikum.UserCreateWithoutRequiredFieldTest
courierNotCreatedWithoutNecessaryField[3](praktikum.UserCreateWithoutRequiredFieldTest)  Time elapsed: 0.359 s  <<< ERROR!
java.lang.ClassCastException: class io.restassured.path.xml.XmlPath cannot be cast to class java.lang.Boolean (io.restassured.path.xml.XmlPath is in unnamed module of loader 'app'; java.lang.Boolean is in module java.base of loader 'bootstrap')
	at praktikum.UserCreateWithoutRequiredFieldTest.courierNotCreatedWithoutNecessaryField(UserCreateWithoutRequiredFieldTest.java:51)

